Environment at start of build:
ALLUSERSPROFILE = C:\ProgramData
APPDATA = C:\Users\N3RO\AppData\Roaming
BESIEGE_GAME_ASSEMBLIES = E:/Games/Steam/steamapps/common/Besiege/Besiege_Data\Managed/
BESIEGE_UNITY_ASSEMBLIES = E:/Games/Steam/steamapps/common/Besiege/Besiege_Data\Managed/
CommonProgramFiles = C:\Program Files (x86)\Common Files
CommonProgramFiles(x86) = C:\Program Files (x86)\Common Files
CommonProgramW6432 = C:\Program Files\Common Files
COMPUTERNAME = MALTHAEL
ComSpec = C:\WINDOWS\system32\cmd.exe
configsetroot = C:\WINDOWS\ConfigSetRoot
DriverData = C:\Windows\System32\Drivers\DriverData
ffmpeg = C:\ffmpeg-20200620-29ea4e1-win64-static\bin\ffmpeg.exe
FPS_BROWSER_APP_PROFILE_STRING = Internet Explorer
FPS_BROWSER_USER_PROFILE_STRING = Default
HOMEDRIVE = C:
HOMEPATH = \Users\N3RO
INTEL_DEV_REDIST = C:\Program Files (x86)\Common Files\Intel\Shared Libraries\
LOCALAPPDATA = C:\Users\N3RO\AppData\Local
LOGONSERVER = \\MALTHAEL
MIC_LD_LIBRARY_PATH = C:\Program Files (x86)\Common Files\Intel\Shared Libraries\compiler\lib\mic
MSBuildLoadMicrosoftTargetsReadOnly = true
NUMBER_OF_PROCESSORS = 12
OneDrive = C:\Users\N3RO\OneDrive
OneDriveConsumer = C:\Users\N3RO\OneDrive
OS = Windows_NT
Path = C:\Program Files (x86)\Razer\ChromaBroadcast\bin;C:\Program Files\Razer\ChromaBroadcast\bin;C:\Program Files (x86)\Common Files\Oracle\Java\javapath;C:\Program Files (x86)\Common Files\Intel\Shared Libraries\redist\intel64\compiler;C:\Program Files (x86)\Intel\Intel(R) Management Engine Components\iCLS\;C:\Program Files\Intel\Intel(R) Management Engine Components\iCLS\;C:\Windows\system32;C:\Windows;C:\Windows\System32\Wbem;C:\Windows\System32\WindowsPowerShell\v1.0\;C:\Program Files (x86)\Intel\Intel(R) Management Engine Components\DAL;C:\Program Files\Intel\Intel(R) Management Engine Components\DAL;C:\Program Files (x86)\Intel\Intel(R) Management Engine Components\IPT;C:\Program Files\Intel\Intel(R) Management Engine Components\IPT;C:\WINDOWS\system32;C:\WINDOWS;C:\WINDOWS\System32\Wbem;C:\WINDOWS\System32\WindowsPowerShell\v1.0\;C:\WINDOWS\System32\OpenSSH\;D:\Program Files\nodejs\;C:\Program Files\NVIDIA Corporation\NVIDIA NvDLISR;C:\WINDOWS\system32\config\systemprofile\AppData\Local\Microsoft\WindowsApps;C:\WINDOWS\system32;C:\WINDOWS;C:\WINDOWS\System32\Wbem;C:\WINDOWS\System32\WindowsPowerShell\v1.0\;C:\WINDOWS\System32\OpenSSH\;D:\Program Files\Git\cmd;C:\Program Files (x86)\NVIDIA Corporation\PhysX\Common;D:\Program Files\PuTTY\;C:\Users\N3RO\AppData\Local\Programs\Python\Python37\Scripts\;C:\Users\N3RO\AppData\Local\Programs\Python\Python37\;C:\Users\N3RO\AppData\Local\Microsoft\WindowsApps;C:\Users\N3RO\AppData\Roaming\npm;C:\Users\N3RO\AppData\Local\GitHubDesktop\bin
PATHEXT = .COM;.EXE;.BAT;.CMD;.VBS;.VBE;.JS;.JSE;.WSF;.WSH;.MSC
PkgDefApplicationConfigFile = C:\Users\N3RO\AppData\Local\Microsoft\VisualStudio\15.0_d12727ce\devenv.exe.config
PROCESSOR_ARCHITECTURE = x86
PROCESSOR_ARCHITEW6432 = AMD64
PROCESSOR_IDENTIFIER = Intel64 Family 6 Model 158 Stepping 10, GenuineIntel
PROCESSOR_LEVEL = 6
PROCESSOR_REVISION = 9e0a
ProgramData = C:\ProgramData
ProgramFiles = C:\Program Files (x86)
ProgramFiles(x86) = C:\Program Files (x86)
ProgramW6432 = C:\Program Files
PSModulePath = C:\Program Files\WindowsPowerShell\Modules;C:\WINDOWS\system32\WindowsPowerShell\v1.0\Modules
PUBLIC = C:\Users\Public
SESSIONNAME = Console
SystemDrive = C:
SystemRoot = C:\WINDOWS
TEMP = C:\Users\N3RO\AppData\Local\Temp
TMP = C:\Users\N3RO\AppData\Local\Temp
USERDOMAIN = MALTHAEL
USERDOMAIN_ROAMINGPROFILE = MALTHAEL
USERNAME = N3RO
USERPROFILE = C:\Users\N3RO
VBOX_MSI_INSTALL_PATH = E:\Program Files\Oracle\VirtualBox\;D:\Program Files\Oracle\VirtualBox\
VisualStudioDir = C:\Users\N3RO\OneDrive\Dokument\Visual Studio 2017
VisualStudioEdition = Microsoft Visual Studio Community 2017
VisualStudioVersion = 15.0
VSAPPIDDIR = C:\Program Files (x86)\Microsoft Visual Studio\2017\Community\Common7\IDE\
VSAPPIDNAME = devenv.exe
VSLANG = 1033
VSSKUEDITION = Community
windir = C:\WINDOWS

  Content.cpp
c:\users\n3ro\documents\skola\ht2020\programmeringsmetodik\projekt\philipeklund_projekt\philipeklund_projekt\content.cpp(11): warning C4244: 'argument': conversion from 'int' to 'T', possible loss of data
          with
          [
              T=float
          ]
c:\users\n3ro\documents\skola\ht2020\programmeringsmetodik\projekt\philipeklund_projekt\philipeklund_projekt\content.cpp(62): warning C4244: 'argument': conversion from 'int' to 'T', possible loss of data
          with
          [
              T=float
          ]
c:\users\n3ro\documents\skola\ht2020\programmeringsmetodik\projekt\philipeklund_projekt\philipeklund_projekt\content.cpp(67): warning C4244: 'argument': conversion from 'int' to 'T', possible loss of data
          with
          [
              T=float
          ]
  Engine.cpp
c:\users\n3ro\documents\skola\ht2020\programmeringsmetodik\projekt\philipeklund_projekt\philipeklund_projekt\engine.cpp(15): warning C4244: 'argument': conversion from 'int' to 'float', possible loss of data
  Entity.cpp
  Game.cpp
  Main.cpp
  ObjectList.hpp
  Player.cpp
  Generating Code...
c:\users\n3ro\documents\skola\ht2020\programmeringsmetodik\projekt\philipeklund_projekt\philipeklund_projekt\objectlist.hpp(142): warning C4172: returning address of local variable or temporary: data
c:\users\n3ro\documents\skola\ht2020\programmeringsmetodik\projekt\philipeklund_projekt\philipeklund_projekt\objectlist.hpp(142): warning C4172: returning address of local variable or temporary: data
c:\users\n3ro\documents\skola\ht2020\programmeringsmetodik\projekt\philipeklund_projekt\philipeklund_projekt\objectlist.hpp(142): warning C4172: returning address of local variable or temporary: data
c:\users\n3ro\documents\skola\ht2020\programmeringsmetodik\projekt\philipeklund_projekt\philipeklund_projekt\objectlist.hpp(142): warning C4172: returning address of local variable or temporary: data
c:\users\n3ro\documents\skola\ht2020\programmeringsmetodik\projekt\philipeklund_projekt\philipeklund_projekt\objectlist.hpp(142): warning C4172: returning address of local variable or temporary: data
c:\users\n3ro\documents\skola\ht2020\programmeringsmetodik\projekt\philipeklund_projekt\philipeklund_projekt\objectlist.hpp(96): warning C4172: returning address of local variable or temporary: data
c:\users\n3ro\documents\skola\ht2020\programmeringsmetodik\projekt\philipeklund_projekt\philipeklund_projekt\objectlist.hpp(96): warning C4172: returning address of local variable or temporary: data
c:\users\n3ro\documents\skola\ht2020\programmeringsmetodik\projekt\philipeklund_projekt\philipeklund_projekt\objectlist.hpp(142): warning C4172: returning address of local variable or temporary: data
c:\users\n3ro\documents\skola\ht2020\programmeringsmetodik\projekt\philipeklund_projekt\philipeklund_projekt\objectlist.hpp(142): warning C4172: returning address of local variable or temporary: data
c:\users\n3ro\documents\skola\ht2020\programmeringsmetodik\projekt\philipeklund_projekt\philipeklund_projekt\objectlist.hpp(96): warning C4172: returning address of local variable or temporary: data
c:\users\n3ro\documents\skola\ht2020\programmeringsmetodik\projekt\philipeklund_projekt\philipeklund_projekt\objectlist.hpp(142): warning C4172: returning address of local variable or temporary: data
  PhilipEklund_Projekt.vcxproj -> C:\Users\N3RO\Documents\Skola\HT2020\Programmeringsmetodik\Projekt\PhilipEklund_Projekt\Debug\PhilipEklund_Projekt.exe
